app/build/outputs/logs/manifest-merger-debug-report.txt
-- Merging decision tree log ---
manifest
ADDED from src/main/AndroidManifest.xml:2:1-82:12
	package
		ADDED from src/main/AndroidManifest.xml:3:5-37
		INJECTED from src/main/AndroidManifest.xml
		INJECTED from src/main/AndroidManifest.xml
	android:versionName
		ADDED from src/main/AndroidManifest.xml:5:5-30
		INJECTED from src/main/AndroidManifest.xml
		INJECTED from src/main/AndroidManifest.xml
	android:versionCode
		ADDED from src/main/AndroidManifest.xml:4:5-28
		INJECTED from src/main/AndroidManifest.xml
		INJECTED from src/main/AndroidManifest.xml
	xmlns:android
		ADDED from src/main/AndroidManifest.xml:2:11-69
uses-sdk
ADDED from src/main/AndroidManifest.xml:7:5-9:41
MERGED from [com.android.support:appcompat-v7:18.0.0] AndroidManifest.xml:18:5-42
	android:targetSdkVersion
		ADDED from src/main/AndroidManifest.xml:9:9-38
		INJECTED from src/main/AndroidManifest.xml
		INJECTED from src/main/AndroidManifest.xml
	android:minSdkVersion
		ADDED from src/main/AndroidManifest.xml:8:9-35
		INJECTED from src/main/AndroidManifest.xml
		INJECTED from src/main/AndroidManifest.xml
uses-permission#android.permission.INTERNET
ADDED from src/main/AndroidManifest.xml:11:5-67
	android:name
		ADDED from src/main/AndroidManifest.xml:11:22-64
application
ADDED from src/main/AndroidManifest.xml:13:5-80:19
MERGED from [com.android.support:appcompat-v7:18.0.0] AndroidManifest.xml:19:5-20
	android:label
		ADDED from src/main/AndroidManifest.xml:16:9-41
	android:allowBackup
		ADDED from src/main/AndroidManifest.xml:14:9-35
	android:icon
		ADDED from src/main/AndroidManifest.xml:15:9-42
	android:theme
		ADDED from src/main/AndroidManifest.xml:18:9-52
	android:logo
		ADDED from src/main/AndroidManifest.xml:17:9-42
activity#com.creaty.walnutshell.HelloWorld
ADDED from src/main/AndroidManifest.xml:19:9-22:20
	android:label
		ADDED from src/main/AndroidManifest.xml:21:13-45
	android:name
		ADDED from src/main/AndroidManifest.xml:20:13-61
activity#com.creaty.walnutshell.MainActivity
ADDED from src/main/AndroidManifest.xml:23:9-26:20
	android:label
		ADDED from src/main/AndroidManifest.xml:25:13-45
	android:name
		ADDED from src/main/AndroidManifest.xml:24:13-63
activity#com.creaty.walnutshell.ArticleActivity
ADDED from src/main/AndroidManifest.xml:27:9-34:20
	android:label
		ADDED from src/main/AndroidManifest.xml:29:13-59
	android:parentActivityName
		ADDED from src/main/AndroidManifest.xml:30:13-77
	android:name
		ADDED from src/main/AndroidManifest.xml:28:13-66
meta-data#android.support.PARENT_ACTIVITY
ADDED from src/main/AndroidManifest.xml:31:13-33:71
	android:value
		ADDED from src/main/AndroidManifest.xml:33:17-68
	android:name
		ADDED from src/main/AndroidManifest.xml:32:17-63
provider#com.creaty.walnutshell.DataProvider
ADDED from src/main/AndroidManifest.xml:36:9-38:73
	android:authorities
		ADDED from src/main/AndroidManifest.xml:38:13-70
	android:name
		ADDED from src/main/AndroidManifest.xml:37:13-63
service#com.creaty.walnutshell.Shell
ADDED from src/main/AndroidManifest.xml:40:9-41:19
	android:name
		ADDED from src/main/AndroidManifest.xml:40:18-61
activity#com.creaty.walnutshell.AddSourceActivity
ADDED from src/main/AndroidManifest.xml:43:9-50:20
	android:label
		ADDED from src/main/AndroidManifest.xml:45:13-62
	android:parentActivityName
		ADDED from src/main/AndroidManifest.xml:46:13-77
	android:name
		ADDED from src/main/AndroidManifest.xml:44:13-68
activity#com.creaty.walnutshell.ChooseSourceActivity
ADDED from src/main/AndroidManifest.xml:51:9-58:20
	android:label
		ADDED from src/main/AndroidManifest.xml:53:13-65
	android:parentActivityName
		ADDED from src/main/AndroidManifest.xml:54:13-82
	android:name
		ADDED from src/main/AndroidManifest.xml:52:13-71
service#com.creaty.walnutshell.UpdateService
ADDED from src/main/AndroidManifest.xml:60:9-64:19
	android:enabled
		ADDED from src/main/AndroidManifest.xml:62:13-35
	android:exported
		ADDED from src/main/AndroidManifest.xml:63:13-37
	android:name
		ADDED from src/main/AndroidManifest.xml:61:13-64
activity#com.creaty.walnutshell.AddNewsActivity
ADDED from src/main/AndroidManifest.xml:66:9-69:20
	android:label
		ADDED from src/main/AndroidManifest.xml:68:13-60
	android:name
		ADDED from src/main/AndroidManifest.xml:67:13-66
activity#com.creaty.walnutshell.WelcomeActivity
ADDED from src/main/AndroidManifest.xml:70:9-78:20
	android:theme
		ADDED from src/main/AndroidManifest.xml:72:13-71
	android:name
		ADDED from src/main/AndroidManifest.xml:71:13-66
intent-filter#android.intent.action.MAIN+android.intent.category.LAUNCHER
ADDED from src/main/AndroidManifest.xml:73:13-77:29
action#android.intent.action.MAIN
ADDED from src/main/AndroidManifest.xml:74:17-69
	android:name
		ADDED from src/main/AndroidManifest.xml:74:25-66
category#android.intent.category.LAUNCHER
ADDED from src/main/AndroidManifest.xml:76:17-77
	android:name
		ADDED from src/main/AndroidManifest.xml:76:27-74